Log started at 1746724061
Added monster: Goblin1
Added monster: Dragon1
Added monster: Skeleton1
Goblin1 takes 15 damage, HP now 35
Hero attacks Goblin1 for 15 damage!
Hero takes 5 damage, HP now 95
Goblin1 takes 15 damage, HP now 20
Hero attacks Goblin1 for 15 damage!
Hero takes 5 damage, HP now 90
Goblin1 takes 15 damage, HP now 5
Hero attacks Goblin1 for 15 damage!
Hero takes 5 damage, HP now 85
Goblin1 has been defeated!
Hero added 2 to inventory.
Hero gains 50 experience!
Hero attacks Dragon1, but it has no effect!
Hero takes 20 damage, HP now 65
Hero attacks Dragon1, but it has no effect!
Hero takes 20 damage, HP now 45
Hero attacks Dragon1, but it has no effect!
Hero takes 20 damage, HP now 25
Hero attacks Dragon1, but it has no effect!
Hero takes 20 damage, HP now 5
Hero attacks Dragon1, but it has no effect!
Hero has been defeated!
Game ended.
Log initiated at 1746728303
Added monster: Goblin1
Added monster: Dragon1
Added monster: Skeleton1
Goblin1 takes 15 damage, HP now 35
Hero attacks Goblin1 for 15 damage!
Hero takes 5 damage, HP now 95
Goblin1 takes 15 damage, HP now 20
Hero attacks Goblin1 for 15 damage!
Hero takes 5 damage, HP now 90
Goblin1 takes 15 damage, HP now 5
Hero attacks Goblin1 for 15 damage!
Hero takes 5 damage, HP now 85
Goblin1 has been defeated!
Hero heals for 20 HP!
Hero added Bow to inventory.
Hero gains 50 experience!
Log initiated at 1746728575
Added monster: Goblin1
Added monster: Dragon1
Added monster: Skeleton1
Goblin1 takes 15 damage, HP now 35
Hero attacks Goblin1 for 15 damage!
Hero takes 5 damage, HP now 95
Goblin1 takes 15 damage, HP now 20
Hero attacks Goblin1 for 15 damage!
Hero takes 5 damage, HP now 90
Goblin1 takes 15 damage, HP now 5
Hero attacks Goblin1 for 15 damage!
Hero takes 5 damage, HP now 85
Goblin1 has been defeated!
Hero gains 50 experience!
Hero attacks Dragon1, but it has no effect!
Hero takes 20 damage, HP now 65
Hero attacks Dragon1, but it has no effect!
Hero takes 20 damage, HP now 45
Hero attacks Dragon1, but it has no effect!
Hero takes 20 damage, HP now 25
Hero attacks Dragon1, but it has no effect!
Hero takes 20 damage, HP now 5
Hero attacks Dragon1, but it has no effect!
Hero has been defeated!
Game ended.
Log initiated at 1746728804
Added monster: Goblin1
Added monster: Dragon1
Added monster: Skeleton1
Skeleton1 takes 5 damage, HP now 35
Hero attacks Skeleton1 for 5 damage!
Hero takes 0 damage, HP now 100
Skeleton1 takes 5 damage, HP now 30
Hero attacks Skeleton1 for 5 damage!
Hero takes 0 damage, HP now 100
Goblin1 takes 15 damage, HP now 35
Hero attacks Goblin1 for 15 damage!
Hero takes 5 damage, HP now 95
Skeleton1 takes 5 damage, HP now 25
Hero attacks Skeleton1 for 5 damage!
Hero takes 0 damage, HP now 95
Skeleton1 takes 5 damage, HP now 20
Hero attacks Skeleton1 for 5 damage!
Hero takes 0 damage, HP now 95
Skeleton1 takes 5 damage, HP now 15
Hero attacks Skeleton1 for 5 damage!
Hero takes 0 damage, HP now 95
Skeleton1 takes 5 damage, HP now 10
Hero attacks Skeleton1 for 5 damage!
Hero takes 0 damage, HP now 95
Skeleton1 takes 5 damage, HP now 5
Hero attacks Skeleton1 for 5 damage!
Hero takes 0 damage, HP now 95
Skeleton1 takes 5 damage, HP now 0
Hero attacks Skeleton1 for 5 damage!
Hero gains 50 experience!
Goblin1 takes 15 damage, HP now 20
Hero attacks Goblin1 for 15 damage!
Hero takes 5 damage, HP now 90
Goblin1 takes 15 damage, HP now 5
Hero attacks Goblin1 for 15 damage!
Hero takes 5 damage, HP now 85
Goblin1 has been defeated!
Hero gains 50 experience!
Hero leveled up to level 2!
Hero attacks Dragon1, but it has no effect!
Hero takes 20 damage, HP now 65
Hero attacks Dragon1, but it has no effect!
Hero takes 20 damage, HP now 45
Hero attacks Dragon1, but it has no effect!
Hero takes 20 damage, HP now 25
Hero attacks Dragon1, but it has no effect!
Hero takes 20 damage, HP now 5
Hero heals for 20 HP!
Hero heals for 20 HP!
Hero heals for 20 HP!
Hero heals for 20 HP!
Hero heals for 20 HP!
Hero attacks Dragon1, but it has no effect!
Hero takes 20 damage, HP now 80
Hero added bow to inventory.
Log initiated at 1746729333
Added monster: Skeleton1
Added monster: Skeleton2
Added monster: LichKing
Log initiated at 1746729447
Added monster: Skeleton1
Added monster: Skeleton2
Added monster: LichKing
Skeleton1 takes 30 damage, HP now 10
Hero attacks Skeleton1 for 30 damage!
Hero takes 0 damage, HP now 100
Skeleton1 has been defeated!
Hero gains 50 experience!
LichKing takes 20 damage, HP now 580
Hero attacks LichKing for 20 damage!
Hero takes 25 damage, HP now 75
LichKing takes 20 damage, HP now 560
Hero attacks LichKing for 20 damage!
Hero takes 25 damage, HP now 50
Hero heals for 20 HP!
Hero heals for 20 HP!
LichKing takes 20 damage, HP now 540
Hero attacks LichKing for 20 damage!
Hero takes 25 damage, HP now 65
LichKing takes 20 damage, HP now 520
Hero attacks LichKing for 20 damage!
Hero takes 25 damage, HP now 40
LichKing takes 20 damage, HP now 500
Hero attacks LichKing for 20 damage!
Hero takes 25 damage, HP now 15
Hero heals for 20 HP!
Hero heals for 20 HP!
Hero heals for 20 HP!
Hero heals for 20 HP!
LichKing takes 20 damage, HP now 480
Hero attacks LichKing for 20 damage!
Hero takes 25 damage, HP now 70
LichKing takes 20 damage, HP now 460
Hero attacks LichKing for 20 damage!
Hero takes 25 damage, HP now 45
LichKing takes 20 damage, HP now 440
Hero attacks LichKing for 20 damage!
Hero takes 25 damage, HP now 20
Log initiated at 1746729493
Added monster: Skeleton1
Added monster: Skeleton2
Added monster: LichKing
Game progress saved to game_save.txt
Skeleton1 takes 30 damage, HP now 10
Hero attacks Skeleton1 for 30 damage!
Hero takes 0 damage, HP now 100
Skeleton1 has been defeated!
Hero gains 50 experience!
Loaded character: Hero
Loaded monster: Skeleton1
Loaded monster: Skeleton2
Loaded monster: LichKing
Game progress loaded from game_save.txt
